# Activity Log

> Real-time tool call logging from stream-parser.


═══════════════════════════════════════════════════════════════
Ralph Session Started: Wed Apr  8 00:02:00 EDT 2026
═══════════════════════════════════════════════════════════════
[00:02:02] 🟢 TOKENS: 750 / 80000 (0%) [read:0KB write:0KB assist:0KB shell:0KB]

═══════════════════════════════════════════════════════════════
Ralph Session Started: Wed Apr  8 00:02:05 EDT 2026
═══════════════════════════════════════════════════════════════
[00:02:06] 🟢 TOKENS: 750 / 80000 (0%) [read:0KB write:0KB assist:0KB shell:0KB]

═══════════════════════════════════════════════════════════════
Ralph Session Started: Wed Apr  8 00:02:08 EDT 2026
═══════════════════════════════════════════════════════════════
[00:02:10] 🟢 TOKENS: 750 / 80000 (0%) [read:0KB write:0KB assist:0KB shell:0KB]

═══════════════════════════════════════════════════════════════
Ralph Session Started: Wed Apr  8 00:02:12 EDT 2026
═══════════════════════════════════════════════════════════════
[00:02:14] 🟢 TOKENS: 750 / 80000 (0%) [read:0KB write:0KB assist:0KB shell:0KB]

═══════════════════════════════════════════════════════════════
Ralph Session Started: Wed Apr  8 00:02:16 EDT 2026
═══════════════════════════════════════════════════════════════
[00:02:18] 🟢 TOKENS: 750 / 80000 (0%) [read:0KB write:0KB assist:0KB shell:0KB]

═══════════════════════════════════════════════════════════════
Ralph Session Started: Wed Apr  8 00:02:20 EDT 2026
═══════════════════════════════════════════════════════════════
[00:02:22] 🟢 TOKENS: 750 / 80000 (0%) [read:0KB write:0KB assist:0KB shell:0KB]

═══════════════════════════════════════════════════════════════
Ralph Session Started: Wed Apr  8 00:02:24 EDT 2026
═══════════════════════════════════════════════════════════════
[00:02:25] 🟢 TOKENS: 750 / 80000 (0%) [read:0KB write:0KB assist:0KB shell:0KB]

═══════════════════════════════════════════════════════════════
Ralph Session Started: Wed Apr  8 00:02:28 EDT 2026
═══════════════════════════════════════════════════════════════
[00:02:29] 🟢 TOKENS: 750 / 80000 (0%) [read:0KB write:0KB assist:0KB shell:0KB]

═══════════════════════════════════════════════════════════════
Ralph Session Started: Wed Apr  8 00:02:31 EDT 2026
═══════════════════════════════════════════════════════════════
[00:02:33] 🟢 TOKENS: 750 / 80000 (0%) [read:0KB write:0KB assist:0KB shell:0KB]

═══════════════════════════════════════════════════════════════
Ralph Session Started: Wed Apr  8 00:02:35 EDT 2026
═══════════════════════════════════════════════════════════════
[00:02:37] 🟢 TOKENS: 750 / 80000 (0%) [read:0KB write:0KB assist:0KB shell:0KB]

═══════════════════════════════════════════════════════════════
Ralph Session Started: Wed Apr  8 00:02:39 EDT 2026
═══════════════════════════════════════════════════════════════
[00:02:41] 🟢 TOKENS: 750 / 80000 (0%) [read:0KB write:0KB assist:0KB shell:0KB]

═══════════════════════════════════════════════════════════════
Ralph Session Started: Wed Apr  8 00:02:43 EDT 2026
═══════════════════════════════════════════════════════════════
[00:02:45] 🟢 TOKENS: 750 / 80000 (0%) [read:0KB write:0KB assist:0KB shell:0KB]

═══════════════════════════════════════════════════════════════
Ralph Session Started: Wed Apr  8 00:02:47 EDT 2026
═══════════════════════════════════════════════════════════════
[00:02:49] 🟢 TOKENS: 750 / 80000 (0%) [read:0KB write:0KB assist:0KB shell:0KB]

═══════════════════════════════════════════════════════════════
Ralph Session Started: Wed Apr  8 00:02:51 EDT 2026
═══════════════════════════════════════════════════════════════
[00:02:52] 🟢 TOKENS: 750 / 80000 (0%) [read:0KB write:0KB assist:0KB shell:0KB]

═══════════════════════════════════════════════════════════════
Ralph Session Started: Wed Apr  8 00:02:55 EDT 2026
═══════════════════════════════════════════════════════════════
[00:02:56] 🟢 TOKENS: 750 / 80000 (0%) [read:0KB write:0KB assist:0KB shell:0KB]

═══════════════════════════════════════════════════════════════
Ralph Session Started: Wed Apr  8 00:02:58 EDT 2026
═══════════════════════════════════════════════════════════════
[00:03:00] 🟢 TOKENS: 750 / 80000 (0%) [read:0KB write:0KB assist:0KB shell:0KB]

═══════════════════════════════════════════════════════════════
Ralph Session Started: Wed Apr  8 00:03:02 EDT 2026
═══════════════════════════════════════════════════════════════
[00:03:04] 🟢 TOKENS: 750 / 80000 (0%) [read:0KB write:0KB assist:0KB shell:0KB]

═══════════════════════════════════════════════════════════════
Ralph Session Started: Wed Apr  8 00:03:06 EDT 2026
═══════════════════════════════════════════════════════════════
[00:03:08] 🟢 TOKENS: 750 / 80000 (0%) [read:0KB write:0KB assist:0KB shell:0KB]

═══════════════════════════════════════════════════════════════
Ralph Session Started: Wed Apr  8 00:03:10 EDT 2026
═══════════════════════════════════════════════════════════════
[00:03:11] 🟢 TOKENS: 750 / 80000 (0%) [read:0KB write:0KB assist:0KB shell:0KB]

═══════════════════════════════════════════════════════════════
Ralph Session Started: Wed Apr  8 00:03:13 EDT 2026
═══════════════════════════════════════════════════════════════
[00:03:15] 🟢 TOKENS: 750 / 80000 (0%) [read:0KB write:0KB assist:0KB shell:0KB]
